TN:
SF:src/Color.ts
FN:14,Color
FNF:1
FNH:1
FNDA:71,Color
DA:1,1
DA:2,1
DA:3,1
DA:4,1
DA:5,1
DA:6,1
DA:7,1
DA:8,1
DA:9,1
DA:10,1
DA:11,1
DA:12,1
DA:13,1
DA:14,1
DA:15,71
DA:16,44
DA:17,30
DA:18,30
DA:19,30
DA:20,30
DA:21,30
DA:22,44
DA:23,14
DA:24,14
DA:25,14
DA:26,2
DA:27,2
DA:28,2
DA:29,2
DA:30,14
DA:31,7
DA:32,7
DA:33,7
DA:34,12
DA:35,5
DA:36,5
DA:37,5
DA:38,5
DA:39,71
DA:40,25
DA:41,25
DA:42,25
DA:43,25
DA:44,27
DA:45,1
DA:46,1
DA:47,1
DA:48,1
DA:49,1
DA:50,1
DA:51,1
DA:52,1
DA:53,1
DA:54,71
DA:55,1
DA:56,1
DA:57,1
LF:57
LH:57
BRDA:14,0,0,71
BRDA:15,1,0,44
BRDA:16,2,0,30
BRDA:22,3,0,14
BRDA:24,4,0,13
BRDA:25,5,0,2
BRDA:30,6,0,12
BRDA:30,7,0,7
BRDA:34,8,0,5
BRDA:39,9,0,27
BRDA:39,10,0,26
BRDA:39,11,0,25
BRDA:44,12,0,2
BRDA:44,13,0,1
BRDA:44,14,0,1
BRF:15
BRH:15
end_of_record
TN:
SF:src/adjustHue.ts
FN:11,adjustHue
FNF:1
FNH:1
FNDA:6,adjustHue
DA:1,1
DA:2,1
DA:3,1
DA:4,1
DA:5,1
DA:6,1
DA:7,1
DA:8,1
DA:9,1
DA:10,1
DA:11,1
DA:12,6
DA:13,6
DA:14,1
DA:15,1
DA:16,5
DA:17,5
DA:18,6
DA:19,6
DA:20,5
DA:21,5
DA:22,5
DA:23,5
LF:23
LH:23
BRDA:11,0,0,6
BRDA:13,1,0,1
BRDA:15,2,0,5
BRDA:18,3,0,2
BRDA:18,4,0,5
BRDA:19,5,0,1
BRDA:19,6,0,5
BRF:7
BRH:7
end_of_record
TN:
SF:src/complement.ts
FN:8,complement
FNF:1
FNH:1
FNDA:5,complement
DA:1,1
DA:2,1
DA:3,1
DA:4,1
DA:5,1
DA:6,1
DA:7,1
DA:8,1
DA:9,5
DA:10,5
DA:11,5
DA:12,5
DA:13,5
LF:13
LH:13
BRDA:8,0,0,5
BRDA:11,1,0,1
BRF:2
BRH:2
end_of_record
TN:
SF:src/contrast.ts
FN:10,contrast
FNF:1
FNH:1
FNDA:3,contrast
DA:1,1
DA:2,1
DA:3,1
DA:4,1
DA:5,1
DA:6,1
DA:7,1
DA:8,1
DA:9,1
DA:10,1
DA:11,3
DA:12,3
DA:13,3
DA:14,3
DA:15,3
DA:16,3
DA:17,3
DA:18,3
DA:19,3
LF:19
LH:19
BRDA:10,0,0,3
BRF:1
BRH:1
end_of_record
TN:
SF:src/darken.ts
FN:11,darken
FNF:1
FNH:1
FNDA:5,darken
DA:1,1
DA:2,1
DA:3,1
DA:4,1
DA:5,1
DA:6,1
DA:7,1
DA:8,1
DA:9,1
DA:10,1
DA:11,1
DA:12,5
DA:13,5
DA:14,5
DA:15,5
DA:16,1
DA:17,1
DA:18,5
DA:19,5
LF:19
LH:19
BRDA:11,0,0,5
BRDA:15,1,0,1
BRF:2
BRH:2
end_of_record
TN:
SF:src/desaturate.ts
FN:11,desaturate
FNF:1
FNH:1
FNDA:4,desaturate
DA:1,1
DA:2,1
DA:3,1
DA:4,1
DA:5,1
DA:6,1
DA:7,1
DA:8,1
DA:9,1
DA:10,1
DA:11,1
DA:12,4
DA:13,4
DA:14,4
DA:15,4
DA:16,2
DA:17,2
DA:18,4
DA:19,4
LF:19
LH:19
BRDA:11,0,0,4
BRDA:15,1,0,2
BRF:2
BRH:2
end_of_record
TN:
SF:src/getAlpha.ts
FN:9,getAlpha
FNF:1
FNH:1
FNDA:5,getAlpha
DA:1,1
DA:2,1
DA:3,1
DA:4,1
DA:5,1
DA:6,1
DA:7,1
DA:8,1
DA:9,1
DA:10,5
DA:11,1
DA:12,1
DA:13,4
DA:14,4
LF:14
LH:14
BRDA:9,0,0,5
BRDA:10,1,0,1
BRDA:12,2,0,4
BRF:3
BRH:3
end_of_record
TN:
SF:src/getHue.ts
FN:9,getHue
FNF:1
FNH:1
FNDA:1,getHue
DA:1,1
DA:2,1
DA:3,1
DA:4,1
DA:5,1
DA:6,1
DA:7,1
DA:8,1
DA:9,1
DA:10,1
DA:11,1
LF:11
LH:11
BRDA:9,0,0,1
BRF:1
BRH:1
end_of_record
TN:
SF:src/hexString.ts
FN:7,hexString
FNF:1
FNH:1
FNDA:24,hexString
DA:1,1
DA:2,1
DA:3,1
DA:4,1
DA:5,1
DA:6,1
DA:7,1
DA:8,24
DA:9,24
LF:9
LH:9
BRDA:7,0,0,24
BRDA:8,1,0,0
BRF:2
BRH:1
end_of_record
TN:
SF:src/isColorValid.ts
FN:8,isColorValid
FNF:1
FNH:1
FNDA:24,isColorValid
DA:1,1
DA:2,1
DA:3,1
DA:4,1
DA:5,1
DA:6,1
DA:7,1
DA:8,1
DA:9,24
DA:10,24
DA:11,24
DA:12,24
LF:12
LH:12
BRDA:8,0,0,24
BRDA:11,1,0,0
BRF:2
BRH:1
end_of_record
TN:
SF:src/lighten.ts
FN:11,lighten
FNF:1
FNH:1
FNDA:5,lighten
DA:1,1
DA:2,1
DA:3,1
DA:4,1
DA:5,1
DA:6,1
DA:7,1
DA:8,1
DA:9,1
DA:10,1
DA:11,1
DA:12,5
DA:13,5
DA:14,5
DA:15,5
DA:16,1
DA:17,1
DA:18,5
DA:19,5
LF:19
LH:19
BRDA:11,0,0,5
BRDA:15,1,0,1
BRF:2
BRH:2
end_of_record
TN:
SF:src/relativeLuminence.ts
FN:8,relativeLuminence
FNF:1
FNH:1
FNDA:6,relativeLuminence
DA:1,1
DA:2,1
DA:3,1
DA:4,1
DA:5,1
DA:6,1
DA:7,1
DA:8,1
DA:9,6
DA:10,6
DA:11,6
DA:12,6
DA:13,6
DA:14,6
DA:15,6
DA:16,6
DA:17,6
DA:18,6
LF:18
LH:18
BRDA:8,0,0,6
BRDA:13,1,0,1
BRDA:13,2,0,5
BRDA:14,3,0,3
BRDA:14,4,0,3
BRDA:15,5,0,1
BRDA:15,6,0,5
BRF:7
BRH:7
end_of_record
TN:
SF:src/internal/bind.ts
FN:1,bind
FNF:1
FNH:1
FNDA:5,bind
DA:1,1
DA:2,5
DA:3,5
DA:4,4
DA:5,4
LF:5
LH:5
BRDA:1,0,0,5
BRDA:3,1,0,1
BRDA:3,2,0,4
BRF:3
BRH:3
end_of_record
TN:
SF:src/internal/handlePercentInput.ts
FN:5,handlePercentInput
FNF:1
FNH:1
FNDA:18,handlePercentInput
DA:1,1
DA:2,1
DA:3,1
DA:4,1
DA:5,1
DA:6,18
DA:7,18
DA:8,18
LF:8
LH:8
BRDA:5,0,0,18
BRDA:6,1,0,0
BRDA:7,2,0,17
BRDA:7,3,0,1
BRF:4
BRH:3
end_of_record
TN:
SF:src/internal/hexToRGB.ts
FN:4,round2
FN:11,hexToRGB
FNF:2
FNH:2
FNDA:5,round2
FNDA:33,hexToRGB
DA:1,1
DA:2,1
DA:3,1
DA:4,5
DA:5,5
DA:6,5
DA:7,5
DA:8,5
DA:9,5
DA:10,1
DA:11,1
DA:12,33
DA:13,33
DA:14,33
DA:15,5
DA:16,33
DA:17,33
DA:18,33
DA:19,33
DA:20,33
DA:21,33
DA:22,33
DA:23,33
DA:24,33
LF:24
LH:24
BRDA:4,0,0,5
BRDA:11,1,0,33
BRDA:15,2,0,5
BRDA:16,3,0,28
BRDA:21,4,0,5
BRDA:21,5,0,28
BRF:6
BRH:6
end_of_record
TN:
SF:src/internal/hslToRGB.ts
FN:6,hslToRGB
FNF:1
FNH:1
FNDA:32,hslToRGB
DA:1,1
DA:2,1
DA:3,1
DA:4,1
DA:5,1
DA:6,1
DA:7,32
DA:8,32
DA:9,32
DA:10,32
DA:11,32
DA:12,32
DA:13,32
DA:14,32
DA:15,32
DA:16,32
DA:17,32
DA:18,32
DA:19,32
DA:20,32
DA:21,11
DA:22,11
DA:23,11
DA:24,32
DA:25,2
DA:26,2
DA:27,2
DA:28,32
DA:29,4
DA:30,4
DA:31,4
DA:32,32
DA:33,9
DA:34,9
DA:35,9
DA:36,32
DA:37,4
DA:38,4
DA:39,4
DA:40,32
DA:41,2
DA:42,2
DA:43,2
DA:44,32
DA:45,32
DA:46,32
DA:47,32
DA:48,32
DA:49,32
DA:50,32
DA:51,32
DA:52,32
DA:53,32
DA:54,32
DA:55,32
LF:55
LH:55
BRDA:6,0,0,32
BRDA:20,1,0,11
BRDA:24,2,0,21
BRDA:24,3,0,2
BRDA:28,4,0,19
BRDA:28,5,0,4
BRDA:32,6,0,15
BRDA:32,7,0,9
BRDA:36,8,0,6
BRDA:36,9,0,4
BRDA:40,10,0,2
BRDA:40,11,0,2
BRF:12
BRH:12
end_of_record
TN:
SF:src/internal/parseHSL.ts
FN:4,parseHue
FN:26,parseHSL
FNF:2
FNH:2
FNDA:6,parseHue
FNDA:7,parseHSL
DA:1,1
DA:2,1
DA:3,1
DA:4,6
DA:5,6
DA:6,6
DA:7,6
DA:8,3
DA:9,3
DA:10,1
DA:11,1
DA:12,1
DA:13,3
DA:14,1
DA:15,1
DA:16,1
DA:17,1
DA:18,1
DA:19,1
DA:20,1
DA:21,1
DA:22,0
DA:23,0
DA:24,6
DA:25,1
DA:26,1
DA:27,7
DA:28,7
DA:29,7
DA:30,7
DA:31,7
DA:32,7
DA:33,7
DA:34,7
DA:35,7
DA:36,7
DA:37,7
DA:38,7
DA:39,7
DA:40,7
DA:41,7
DA:42,7
DA:43,1
DA:44,1
DA:45,6
DA:46,6
DA:47,6
DA:48,6
DA:49,7
DA:50,7
DA:51,7
DA:52,7
LF:52
LH:50
BRDA:4,0,0,6
BRDA:7,1,0,5
BRDA:7,2,0,3
BRDA:9,3,0,1
BRDA:13,4,0,2
BRDA:13,5,0,1
BRDA:21,6,0,0
BRDA:26,7,0,7
BRDA:42,8,0,2
BRDA:42,9,0,1
BRDA:44,10,0,6
BRDA:49,11,0,1
BRDA:49,12,0,5
BRF:13
BRH:12
end_of_record
TN:
SF:src/internal/parsePercentage.ts
FN:2,parsePercentage
FNF:1
FNH:1
FNDA:18,parsePercentage
DA:1,1
DA:2,1
DA:3,18
DA:4,18
DA:5,18
LF:5
LH:5
BRDA:2,0,0,18
BRDA:4,1,0,0
BRF:2
BRH:1
end_of_record
TN:
SF:src/internal/parseRGB.ts
FN:4,parseColorComponent
FN:12,parseRGB
FNF:2
FNH:2
FNDA:12,parseColorComponent
FNDA:5,parseRGB
DA:1,1
DA:2,1
DA:3,1
DA:4,12
DA:5,12
DA:6,3
DA:7,12
DA:8,9
DA:9,9
DA:10,12
DA:11,1
DA:12,1
DA:13,5
DA:14,5
DA:15,5
DA:16,5
DA:17,5
DA:18,5
DA:19,5
DA:20,5
DA:21,5
DA:22,5
DA:23,5
DA:24,5
DA:25,5
DA:26,5
DA:27,5
DA:28,5
DA:29,1
DA:30,1
DA:31,4
DA:32,4
DA:33,4
DA:34,4
DA:35,5
DA:36,5
DA:37,5
DA:38,5
LF:38
LH:38
BRDA:4,0,0,12
BRDA:5,1,0,3
BRDA:7,2,0,9
BRDA:12,3,0,5
BRDA:28,4,0,3
BRDA:28,5,0,1
BRDA:30,6,0,4
BRDA:35,7,0,2
BRDA:35,8,0,2
BRF:9
BRH:9
end_of_record
TN:
SF:src/internal/rgbToHSL.ts
FN:4,rgbToHSL
FNF:1
FNH:1
FNDA:39,rgbToHSL
DA:1,1
DA:2,1
DA:3,1
DA:4,1
DA:5,39
DA:6,39
DA:7,39
DA:8,39
DA:9,39
DA:10,39
DA:11,39
DA:12,39
DA:13,39
DA:14,39
DA:15,39
DA:16,39
DA:17,39
DA:18,39
DA:19,39
DA:20,39
DA:21,39
DA:22,39
DA:23,39
DA:24,39
DA:25,7
DA:26,36
DA:27,10
DA:28,32
DA:29,1
DA:30,22
DA:31,21
DA:32,21
DA:33,39
DA:34,39
DA:35,39
DA:36,39
DA:37,39
DA:38,39
DA:39,39
DA:40,39
DA:41,39
DA:42,39
DA:43,39
DA:44,39
DA:45,39
DA:46,39
DA:47,39
DA:48,39
LF:48
LH:48
BRDA:4,0,0,39
BRDA:11,1,0,6
BRDA:11,2,0,33
BRDA:24,3,0,36
BRDA:24,4,0,7
BRDA:26,5,0,32
BRDA:26,6,0,10
BRDA:28,7,0,22
BRDA:28,8,0,1
BRDA:30,9,0,21
BRDA:34,10,0,5
BRDA:34,11,0,34
BRDA:38,12,0,7
BRDA:38,13,0,32
BRF:14
BRH:14
end_of_record
TN:
SF:src/internal/rgbToHex.ts
FN:3,rgbToHex
FNF:1
FNH:1
FNDA:38,rgbToHex
DA:1,1
DA:2,1
DA:3,1
DA:4,38
DA:5,38
DA:6,3
DA:7,3
DA:8,3
DA:9,38
DA:10,38
DA:11,38
DA:12,38
DA:13,38
DA:14,38
DA:15,38
DA:16,38
DA:17,38
LF:17
LH:17
BRDA:3,0,0,38
BRDA:6,1,0,3
BRDA:9,2,0,35
BRF:3
BRH:3
end_of_record
TN:
SF:src/internal/stringToFloat.ts
FN:1,stringToFloat
FNF:1
FNH:1
FNDA:18,stringToFloat
DA:1,1
DA:2,18
DA:3,18
DA:4,18
DA:5,18
LF:5
LH:5
BRDA:1,0,0,18
BRDA:4,1,0,1
BRDA:4,2,0,0
BRF:3
BRH:2
end_of_record
