TN:
SF:src/Color.ts
FN:14,Color
FNF:1
FNH:1
FNDA:37,Color
DA:1,1
DA:2,1
DA:3,1
DA:4,1
DA:5,1
DA:6,1
DA:7,1
DA:8,1
DA:9,1
DA:10,1
DA:11,1
DA:12,1
DA:13,1
DA:14,1
DA:15,37
DA:16,16
DA:17,13
DA:18,13
DA:19,13
DA:20,13
DA:21,13
DA:22,16
DA:23,3
DA:24,3
DA:25,3
DA:26,1
DA:27,1
DA:28,1
DA:29,1
DA:30,3
DA:31,1
DA:32,1
DA:33,1
DA:34,1
DA:35,1
DA:36,1
DA:37,1
DA:38,1
DA:39,37
DA:40,19
DA:41,19
DA:42,19
DA:43,19
DA:44,21
DA:45,1
DA:46,1
DA:47,1
DA:48,1
DA:49,1
DA:50,1
DA:51,1
DA:52,1
DA:53,1
DA:54,37
DA:55,1
DA:56,1
DA:57,1
LF:57
LH:57
BRDA:14,0,0,37
BRDA:15,1,0,16
BRDA:16,2,0,13
BRDA:22,3,0,3
BRDA:24,4,0,2
BRDA:25,5,0,1
BRDA:30,6,0,2
BRDA:30,7,0,1
BRDA:39,8,0,21
BRDA:39,9,0,20
BRDA:39,10,0,19
BRDA:44,11,0,2
BRDA:44,12,0,1
BRDA:44,13,0,1
BRF:14
BRH:14
end_of_record
TN:
SF:src/complement.ts
FN:8,complement
FNF:1
FNH:1
FNDA:5,complement
DA:1,1
DA:2,1
DA:3,1
DA:4,1
DA:5,1
DA:6,1
DA:7,1
DA:8,1
DA:9,5
DA:10,5
DA:11,5
DA:12,5
DA:13,5
LF:13
LH:13
BRDA:8,0,0,5
BRDA:11,1,0,1
BRF:2
BRH:2
end_of_record
TN:
SF:src/darken.ts
FN:11,darken
FNF:1
FNH:1
FNDA:5,darken
DA:1,1
DA:2,1
DA:3,1
DA:4,1
DA:5,1
DA:6,1
DA:7,1
DA:8,1
DA:9,1
DA:10,1
DA:11,1
DA:12,5
DA:13,5
DA:14,5
DA:15,5
DA:16,1
DA:17,1
DA:18,5
DA:19,5
LF:19
LH:19
BRDA:11,0,0,5
BRDA:15,1,0,1
BRF:2
BRH:2
end_of_record
TN:
SF:src/desaturate.ts
FN:11,desaturate
FNF:1
FNH:1
FNDA:4,desaturate
DA:1,1
DA:2,1
DA:3,1
DA:4,1
DA:5,1
DA:6,1
DA:7,1
DA:8,1
DA:9,1
DA:10,1
DA:11,1
DA:12,4
DA:13,4
DA:14,4
DA:15,4
DA:16,2
DA:17,2
DA:18,4
DA:19,4
LF:19
LH:19
BRDA:11,0,0,4
BRDA:15,1,0,2
BRF:2
BRH:2
end_of_record
TN:
SF:src/getHue.ts
FN:9,getHue
FNF:1
FNH:1
FNDA:1,getHue
DA:1,1
DA:2,1
DA:3,1
DA:4,1
DA:5,1
DA:6,1
DA:7,1
DA:8,1
DA:9,1
DA:10,1
DA:11,1
LF:11
LH:11
BRDA:9,0,0,1
BRF:1
BRH:1
end_of_record
TN:
SF:src/hexString.ts
FN:7,hexString
FNF:1
FNH:1
FNDA:19,hexString
DA:1,1
DA:2,1
DA:3,1
DA:4,1
DA:5,1
DA:6,1
DA:7,1
DA:8,19
DA:9,19
LF:9
LH:9
BRDA:7,0,0,19
BRDA:8,1,0,0
BRF:2
BRH:1
end_of_record
TN:
SF:src/isColorValid.ts
FN:8,isColorValid
FNF:1
FNH:1
FNDA:19,isColorValid
DA:1,1
DA:2,1
DA:3,1
DA:4,1
DA:5,1
DA:6,1
DA:7,1
DA:8,1
DA:9,19
DA:10,19
DA:11,19
DA:12,19
LF:12
LH:12
BRDA:8,0,0,19
BRDA:11,1,0,0
BRF:2
BRH:1
end_of_record
TN:
SF:src/lighten.ts
FN:11,lighten
FNF:1
FNH:1
FNDA:5,lighten
DA:1,1
DA:2,1
DA:3,1
DA:4,1
DA:5,1
DA:6,1
DA:7,1
DA:8,1
DA:9,1
DA:10,1
DA:11,1
DA:12,5
DA:13,5
DA:14,5
DA:15,5
DA:16,1
DA:17,1
DA:18,5
DA:19,5
LF:19
LH:19
BRDA:11,0,0,5
BRDA:15,1,0,1
BRF:2
BRH:2
end_of_record
TN:
SF:src/internal/clamp.ts
FN:2,clamp
FNF:1
FNH:0
FNDA:0,clamp
DA:1,1
DA:2,1
DA:3,0
DA:4,0
DA:5,0
LF:5
LH:2
BRF:0
BRH:0
end_of_record
TN:
SF:src/internal/hexToRGB.ts
FN:4,hexToRGB
FNF:1
FNH:1
FNDA:15,hexToRGB
DA:1,1
DA:2,1
DA:3,1
DA:4,1
DA:5,15
DA:6,15
DA:7,15
DA:8,15
DA:9,15
DA:10,15
DA:11,15
DA:12,0
DA:13,15
DA:14,15
DA:15,15
DA:16,15
LF:16
LH:15
BRDA:4,0,0,15
BRDA:12,1,0,0
BRF:2
BRH:1
end_of_record
TN:
SF:src/internal/hslToRGB.ts
FN:6,hslToRGB
FNF:1
FNH:1
FNDA:20,hslToRGB
DA:1,1
DA:2,1
DA:3,1
DA:4,1
DA:5,1
DA:6,1
DA:7,20
DA:8,20
DA:9,20
DA:10,20
DA:11,20
DA:12,20
DA:13,20
DA:14,20
DA:15,20
DA:16,20
DA:17,20
DA:18,20
DA:19,20
DA:20,20
DA:21,10
DA:22,10
DA:23,10
DA:24,20
DA:25,1
DA:26,1
DA:27,1
DA:28,20
DA:29,3
DA:30,3
DA:31,3
DA:32,20
DA:33,1
DA:34,1
DA:35,1
DA:36,20
DA:37,4
DA:38,4
DA:39,4
DA:40,20
DA:41,1
DA:42,1
DA:43,1
DA:44,20
DA:45,20
DA:46,20
DA:47,20
DA:48,20
DA:49,20
DA:50,20
DA:51,20
DA:52,20
DA:53,20
DA:54,20
DA:55,20
LF:55
LH:55
BRDA:6,0,0,20
BRDA:20,1,0,10
BRDA:24,2,0,10
BRDA:24,3,0,1
BRDA:28,4,0,9
BRDA:28,5,0,3
BRDA:32,6,0,6
BRDA:32,7,0,1
BRDA:36,8,0,5
BRDA:36,9,0,4
BRDA:40,10,0,1
BRDA:40,11,0,1
BRF:12
BRH:12
end_of_record
TN:
SF:src/internal/parseHSL.ts
FN:4,parseHue
FN:26,parseHSL
FNF:2
FNH:2
FNDA:1,parseHue
FNDA:1,parseHSL
DA:1,1
DA:2,1
DA:3,1
DA:4,1
DA:5,1
DA:6,1
DA:7,1
DA:8,1
DA:9,1
DA:10,0
DA:11,0
DA:12,0
DA:13,0
DA:14,0
DA:15,0
DA:16,0
DA:17,0
DA:18,0
DA:19,0
DA:20,0
DA:21,0
DA:22,0
DA:23,0
DA:24,1
DA:25,1
DA:26,1
DA:27,1
DA:28,1
DA:29,1
DA:30,1
DA:31,1
DA:32,1
DA:33,1
DA:34,1
DA:35,1
DA:36,1
DA:37,1
DA:38,1
DA:39,1
DA:40,1
DA:41,1
DA:42,1
DA:43,0
DA:44,0
DA:45,1
DA:46,1
DA:47,1
DA:48,1
DA:49,1
DA:50,1
DA:51,1
DA:52,1
LF:52
LH:36
BRDA:4,0,0,1
BRDA:9,1,0,0
BRDA:26,2,0,1
BRDA:42,3,0,0
BRDA:42,4,0,0
BRDA:49,5,0,0
BRF:6
BRH:2
end_of_record
TN:
SF:src/internal/parsePercentage.ts
FN:1,parsePercentage
FNF:1
FNH:1
FNDA:2,parsePercentage
DA:1,1
DA:2,2
DA:3,2
LF:3
LH:3
BRDA:1,0,0,2
BRF:1
BRH:1
end_of_record
TN:
SF:src/internal/parseRGB.ts
FN:4,parseColorComponent
FN:12,parseRGB
FNF:2
FNH:2
FNDA:3,parseColorComponent
FNDA:1,parseRGB
DA:1,1
DA:2,1
DA:3,1
DA:4,3
DA:5,3
DA:6,0
DA:7,3
DA:8,3
DA:9,3
DA:10,3
DA:11,1
DA:12,1
DA:13,1
DA:14,1
DA:15,1
DA:16,1
DA:17,1
DA:18,1
DA:19,1
DA:20,1
DA:21,1
DA:22,1
DA:23,1
DA:24,1
DA:25,1
DA:26,1
DA:27,1
DA:28,1
DA:29,0
DA:30,0
DA:31,1
DA:32,1
DA:33,1
DA:34,1
DA:35,1
DA:36,1
DA:37,1
DA:38,1
LF:38
LH:35
BRDA:4,0,0,3
BRDA:5,1,0,0
BRDA:12,2,0,1
BRDA:28,3,0,0
BRDA:28,4,0,0
BRDA:35,5,0,0
BRF:6
BRH:2
end_of_record
TN:
SF:src/internal/rgbToHSL.ts
FN:4,rgbToHSL
FNF:1
FNH:1
FNDA:17,rgbToHSL
DA:1,1
DA:2,1
DA:3,1
DA:4,1
DA:5,17
DA:6,17
DA:7,17
DA:8,17
DA:9,17
DA:10,17
DA:11,17
DA:12,17
DA:13,17
DA:14,17
DA:15,17
DA:16,17
DA:17,17
DA:18,17
DA:19,17
DA:20,17
DA:21,17
DA:22,17
DA:23,17
DA:24,17
DA:25,3
DA:26,17
DA:27,8
DA:28,14
DA:29,1
DA:30,6
DA:31,5
DA:32,5
DA:33,17
DA:34,17
DA:35,17
DA:36,17
DA:37,17
DA:38,17
DA:39,17
DA:40,17
DA:41,17
DA:42,17
DA:43,17
DA:44,17
DA:45,17
DA:46,17
DA:47,17
DA:48,17
LF:48
LH:48
BRDA:4,0,0,17
BRDA:11,1,0,0
BRDA:24,2,0,3
BRDA:26,3,0,14
BRDA:26,4,0,8
BRDA:28,5,0,6
BRDA:28,6,0,1
BRDA:30,7,0,5
BRDA:34,8,0,5
BRDA:34,9,0,12
BRDA:38,10,0,3
BRDA:38,11,0,14
BRF:12
BRH:11
end_of_record
TN:
SF:src/internal/rgbToHex.ts
FN:3,rgbToHex
FNF:1
FNH:1
FNDA:22,rgbToHex
DA:1,1
DA:2,1
DA:3,1
DA:4,22
DA:5,22
DA:6,0
DA:7,0
DA:8,0
DA:9,22
DA:10,22
DA:11,22
DA:12,22
DA:13,22
DA:14,22
DA:15,22
DA:16,22
DA:17,22
LF:17
LH:14
BRDA:3,0,0,22
BRDA:6,1,0,0
BRF:2
BRH:1
end_of_record
